     1                                  bits 32
     2                                  global start
     3                                  extern exit, scanf, printf, fopen, fclose, fprintf
     4                                  import exit msvcrt.dll
     5                                  import scanf msvcrt.dll
     6                                  import printf msvcrt.dll
     7                                  import fopen msvcrt.dll
     8                                  import fclose msvcrt.dll
     9                                  import fprintf msvcrt.dll
    10                                  
    11                                  segment data use32 class=data
    12                                  
    13 00000000 4E756D656C65206669-         mesaj db "Numele fisierului:",0
    13 00000009 73696572756C75693A-
    13 00000012 00                 
    14 00000013 257300                      format db "%s",0
    15 00000016 7700                        modAcces db "w",0
    16 00000018 FFFFFFFF                    descriptorFile dd -1
    17 0000001C 567765204172646561-         mesajFisier db "Vwe Ardeal!!",0
    17 00000025 6C212100           
    18 00000029 <res 00000014>              fName resb 20
    19                                  
    20                                  segment code use32 class=code
    21                                      start:
    22                                          
    23 00000000 68[00000000]                    push mesaj
    24 00000005 FF15[00000000]                  call [printf]
    25 0000000B 83C404                          add esp, 1*4
    26                                          
    27 0000000E 68[29000000]                    push fName
    28 00000013 68[13000000]                    push format
    29 00000018 FF15[00000000]                  call [scanf]
    30 0000001E 83C408                          add esp, 2*4
    31                                          
    32 00000021 68[16000000]                    push dword modAcces
    33 00000026 68[29000000]                    push dword fName
    34 0000002B FF15[00000000]                  call [fopen]
    35 00000031 83C408                          add esp, 2*4
    36                                          
    37 00000034 A3[18000000]                    mov [descriptorFile], eax
    38                                          
    39 00000039 68[1C000000]                    push dword mesajFisier
    40 0000003E FF35[18000000]                  push dword [descriptorFile]
    41 00000044 FF15[00000000]                  call [fprintf]
    42 0000004A 83C408                          add esp, 2*4
    43                                          
    44 0000004D FF35[18000000]                  push dword [descriptorFile]
    45 00000053 FF15[00000000]                  call [fclose]
    46 00000059 83C404                          add esp, 1*4
    47                                          
    48 0000005C 6A00                            push    dword 0
    49 0000005E FF15[00000000]                  call    [exit]
