[2018-03-11 19:44:06] [info] Start Program:
Path:"D:\istvan\___oop\curs\wsp\Petstore_vers1\Debug\Petstore_vers1.exe"
Arguments:
Working directory: "D:\istvan\___oop\curs\wsp\Petstore_vers1\Petstore_vers1\"
Modules: Selected: D:\istvan\___oop\curs\wsp\Petstore_vers1\Debug\Petstore_vers1.exe Excluded: 
Sources: Selected: D:\istvan\___oop\curs\wsp\Petstore_vers1\Petstore_vers1 Excluded: 
Log Level: Normal
Cover Children: 0
Aggregate by file: 1
Continue after C++ exception: 0
Optimized build support: 0
Export: Binary C:\Users\istvan\AppData\Local\Temp\lf4wkjfi.q4v 
Input coverage: 
Unified diff: 
Excluded line regular expressions: 

[2018-03-11 19:44:06] [info] Module: D:\istvan\___oop\curs\wsp\Petstore_vers1\Debug\Petstore_vers1.exe is selected because it matches selected pattern: D:\istvan\___oop\curs\wsp\Petstore_vers1\Debug\Petstore_vers1.exe
[2018-03-11 19:44:06] [info] Module: C:\Windows\SysWOW64\ntdll.dll is skipped because it matches no selected patterns
[2018-03-11 19:44:06] [info] Module: C:\Windows\SysWOW64\kernel32.dll is skipped because it matches no selected patterns
[2018-03-11 19:44:06] [info] Module: C:\Windows\SysWOW64\KernelBase.dll is skipped because it matches no selected patterns
[2018-03-11 19:44:06] [info] Module: C:\Windows\SysWOW64\vcruntime140d.dll is skipped because it matches no selected patterns
[2018-03-11 19:44:06] [info] Module: C:\Windows\SysWOW64\ucrtbased.dll is skipped because it matches no selected patterns
[2018-03-11 19:44:09] [info] Module: C:\Windows\SysWOW64\kernel.appcore.dll is skipped because it matches no selected patterns
[2018-03-11 19:44:09] [info] Module: C:\Windows\SysWOW64\msvcrt.dll is skipped because it matches no selected patterns
[2018-03-11 19:44:09] [info] Module: C:\Windows\SysWOW64\rpcrt4.dll is skipped because it matches no selected patterns
[2018-03-11 19:44:09] [info] Module: C:\Windows\SysWOW64\sspicli.dll is skipped because it matches no selected patterns
[2018-03-11 19:44:09] [info] Module: C:\Windows\SysWOW64\cryptbase.dll is skipped because it matches no selected patterns
[2018-03-11 19:44:09] [info] Module: C:\Windows\SysWOW64\bcryptprimitives.dll is skipped because it matches no selected patterns
[2018-03-11 19:44:09] [info] Module: C:\Windows\SysWOW64\sechost.dll is skipped because it matches no selected patterns
[2018-03-11 19:44:09] [info] ----------------------------------------------------
[2018-03-11 19:44:09] [info] Coverage binary generated in file: C:\Users\istvan\AppData\Local\Temp\lf4wkjfi.q4v
[2018-03-11 19:44:09] [info] ----------------------------------------------------
